SensorPuck/app/build/intermediates/manifest_merge_blame_file/debug/manifest-merger-blame-debug-report.txt
1<?xml version="1.0" encoding="utf-8"?>
2<manifest xmlns:android="http://schemas.android.com/apk/res/android"
3    package="com.silabs.puck" >
4
5    <uses-sdk
5-->src\main\AndroidManifest.xml:5:5-47
6        android:minSdkVersion="18"
6-->src\main\AndroidManifest.xml:5:5-47
7        android:targetSdkVersion="19" />
7-->src\main\AndroidManifest.xml:5:15-44
8
9    <uses-permission android:name="android.permission.BLUETOOTH" />
9-->src\main\AndroidManifest.xml:6:5-67
9-->src\main\AndroidManifest.xml:6:22-65
10    <uses-permission android:name="android.permission.BLUETOOTH_ADMIN" />
10-->src\main\AndroidManifest.xml:7:5-73
10-->src\main\AndroidManifest.xml:7:22-71
11
12    <uses-feature
12-->src\main\AndroidManifest.xml:8:5-89
13        android:name="android.hardware.bluetooth_le"
13-->src\main\AndroidManifest.xml:8:19-63
14        android:required="true" />
14-->src\main\AndroidManifest.xml:8:64-87
15
16    <uses-permission android:name="android.permission.INTERNET" />
16-->src\main\AndroidManifest.xml:9:5-66
16-->src\main\AndroidManifest.xml:9:22-64
17
18    <application
18-->src\main\AndroidManifest.xml:11:5-37:19
19        android:debuggable="true"
20        android:label="@string/app_name"
20-->src\main\AndroidManifest.xml:13:9-41
21        android:testOnly="true"
22        android:theme="@style/AppTheme" >
22-->src\main\AndroidManifest.xml:14:9-40
23        <activity
23-->src\main\AndroidManifest.xml:15:9-22:20
24            android:name="com.silabs.puck.MainActivity"
24-->src\main\AndroidManifest.xml:16:13-41
25            android:label="@string/app_name" >
25-->src\main\AndroidManifest.xml:17:13-45
26            <intent-filter>
26-->src\main\AndroidManifest.xml:18:13-21:29
27                <action android:name="android.intent.action.MAIN" />
27-->src\main\AndroidManifest.xml:19:17-69
27-->src\main\AndroidManifest.xml:19:25-66
28
29                <category android:name="android.intent.category.LAUNCHER" />
29-->src\main\AndroidManifest.xml:20:17-77
29-->src\main\AndroidManifest.xml:20:27-74
30            </intent-filter>
31        </activity>
32        <activity
32-->src\main\AndroidManifest.xml:23:9-29:20
33            android:name="com.silabs.puck.InfoActivity"
33-->src\main\AndroidManifest.xml:24:13-41
34            android:parentActivityName="com.silabs.puck.MainActivity" >
34-->src\main\AndroidManifest.xml:25:13-55
35            <meta-data
35-->src\main\AndroidManifest.xml:26:13-28:49
36                android:name="android.support.PARENT_ACTIVITY"
36-->src\main\AndroidManifest.xml:27:17-63
37                android:value=".MainActivity" />
37-->src\main\AndroidManifest.xml:28:17-46
38        </activity>
39        <activity
39-->src\main\AndroidManifest.xml:30:9-36:20
40            android:name="com.silabs.puck.WebActivity"
40-->src\main\AndroidManifest.xml:31:13-40
41            android:parentActivityName="com.silabs.puck.InfoActivity" >
41-->src\main\AndroidManifest.xml:32:13-55
42            <meta-data
42-->src\main\AndroidManifest.xml:26:13-28:49
43                android:name="android.support.PARENT_ACTIVITY"
43-->src\main\AndroidManifest.xml:27:17-63
44                android:value=".InfoActivity" />
44-->src\main\AndroidManifest.xml:28:17-46
45        </activity>
46    </application>
47
48</manifest>